\BOOKMARK [1][-]{section.1}{Introduction}{}% 1
\BOOKMARK [1][-]{section.2}{Contexte et rappel du probl\350me}{}% 2
\BOOKMARK [2][-]{subsection.2.1}{Contexte}{section.2}% 3
\BOOKMARK [2][-]{subsection.2.2}{Objectifs}{section.2}% 4
\BOOKMARK [1][-]{section.3}{Documents de r\351f\351rence}{}% 5
\BOOKMARK [1][-]{section.4}{Contraintes g\351n\351rales}{}% 6
\BOOKMARK [2][-]{subsection.4.1}{Contraintes}{section.4}% 7
\BOOKMARK [2][-]{subsection.4.2}{Risques}{section.4}% 8
\BOOKMARK [1][-]{section.5}{Organisation du travail}{}% 9
\BOOKMARK [2][-]{subsection.5.1}{R\364les distribu\351s}{section.5}% 10
\BOOKMARK [3][-]{subsubsection.5.1.1}{Chef de Projet}{subsection.5.1}% 11
\BOOKMARK [3][-]{subsubsection.5.1.2}{Responsable Qualit\351}{subsection.5.1}% 12
\BOOKMARK [3][-]{subsubsection.5.1.3}{Responsable Qualit\351}{subsection.5.1}% 13
\BOOKMARK [3][-]{subsubsection.5.1.4}{Responsable bibliographie}{subsection.5.1}% 14
\BOOKMARK [3][-]{subsubsection.5.1.5}{Responsable Documentation}{subsection.5.1}% 15
\BOOKMARK [3][-]{subsubsection.5.1.6}{Groupe d'\351tude informatique}{subsection.5.1}% 16
\BOOKMARK [3][-]{subsubsection.5.1.7}{Groupe d'\351tude informatique}{subsection.5.1}% 17
\BOOKMARK [2][-]{subsection.5.2}{R\350gles de suivi}{section.5}% 18
\BOOKMARK [2][-]{subsection.5.3}{Organigramme des t\342ches}{section.5}% 19
\BOOKMARK [2][-]{subsection.5.4}{Outils utilis\351s}{section.5}% 20
\BOOKMARK [1][-]{section.6}{Conclusion}{}% 21
