\BOOKMARK [1][-]{section.1}{Pr\351sentation g\351n\351rale du projet}{}
\BOOKMARK [2][-]{subsection.1.1}{Algorithme g\351n\351tique}{section.1}
\BOOKMARK [2][-]{subsection.1.2}{Livrables et d\351lais}{section.1}
\BOOKMARK [2][-]{subsection.1.3}{L'\351quipe}{section.1}
\BOOKMARK [1][-]{section.2}{Propri\351t\351s des r\351seaux biologiques}{}
\BOOKMARK [2][-]{subsection.2.1}{Rappels}{section.2}
\BOOKMARK [2][-]{subsection.2.2}{Tests et param\350tres}{section.2}
\BOOKMARK [1][-]{section.3}{Impl\351mentation}{}
\BOOKMARK [2][-]{subsection.3.1}{Classes et objets}{section.3}
\BOOKMARK [2][-]{subsection.3.2}{Codage d'un r\351seau}{section.3}
\BOOKMARK [3][-]{subsubsection.3.2.1}{Matrice d'adjacence}{subsection.3.2}
\BOOKMARK [3][-]{subsubsection.3.2.2}{Remplissage de la matrice}{subsection.3.2}
\BOOKMARK [3][-]{subsubsection.3.2.3}{Fonctions}{subsection.3.2}
\BOOKMARK [2][-]{subsection.3.3}{Algorithme g\351n\351tique}{section.3}
\BOOKMARK [2][-]{subsection.3.4}{Fonction de fitness}{section.3}
\BOOKMARK [2][-]{subsection.3.5}{\311volution des r\351seaux}{section.3}
\BOOKMARK [3][-]{subsubsection.3.5.1}{Mutation}{subsection.3.5}
\BOOKMARK [3][-]{subsubsection.3.5.2}{Crossing-over}{subsection.3.5}
\BOOKMARK [1][-]{section.4}{Planning}{}
\BOOKMARK [2][-]{subsection.4.1}{R\351partition du travail}{section.4}
\BOOKMARK [2][-]{subsection.4.2}{Exploitation}{section.4}
\BOOKMARK [2][-]{subsection.4.3}{Risques}{section.4}
